# IPython log file

%log start -ort 1.3.2/logs/Last_1.3.2.3.log
log start -ort 1.3.2/logs/Vadali_1.3.2.log
%log start -ort 1.3.2/logs/Vadali_1.3.2.log
# Thu, 06 Dec 2018 21:12:07
add_tip(20,0.15)
# Thu, 06 Dec 2018 21:12:30
%run 1.3.2/Vadali_1.3.2.py
# Thu, 06 Dec 2018 21:12:46
add_tip(20,0.15)
#[Out]# 23.0
# Thu, 06 Dec 2018 21:14:23
hyp(3,4)
#[Out]# 5.0
# Thu, 06 Dec 2018 21:14:57
mean(3,4,7)
# Thu, 06 Dec 2018 21:15:45
%run 1.3.2/Vadali_1.3.2.py
# Thu, 06 Dec 2018 21:15:54
mean(3,4,7)
#[Out]# 7
# Thu, 06 Dec 2018 21:16:59
1.0 == 1
#[Out]# True
# Thu, 06 Dec 2018 21:18:36
2/3
#[Out]# 0
# Thu, 06 Dec 2018 21:18:39
2/3.
#[Out]# 0.6666666666666666
# Thu, 06 Dec 2018 21:19:16
%run 1.3.2/Vadali_1.3.2.py
# Thu, 06 Dec 2018 21:19:28
perimeter(3,4)
# Thu, 06 Dec 2018 21:19:48
%run 1.3.2/Vadali_1.3.2.py
# Thu, 06 Dec 2018 21:19:59
perimeter(3,4)
# Thu, 06 Dec 2018 21:20:09
%run 1.3.2/Vadali_1.3.2.py
# Thu, 06 Dec 2018 21:20:18
perimeter(3,4)
# Thu, 06 Dec 2018 21:22:03
%run 1.3.2/Vadali_1.3.2.py
# Thu, 06 Dec 2018 21:22:10
perimeter(3,4)
# Thu, 06 Dec 2018 21:22:32
perimeter(3,4)
# Thu, 06 Dec 2018 21:23:49
%run 1.3.2/Vadali_1.3.2.py
# Thu, 06 Dec 2018 21:25:35
%run 1.3.2/Vadali_1.3.2.py
# Thu, 06 Dec 2018 21:26:20
%run 1.3.2/Vadali_1.3.2.py
# Thu, 06 Dec 2018 21:26:28
%run 1.3.2/Vadali_1.3.2.py
# Thu, 06 Dec 2018 21:26:40
perimeter(3,3)
#[Out]# 9
# Thu, 06 Dec 2018 21:26:50
perimeter(4,7)
#[Out]# 22
# Thu, 06 Dec 2018 21:30:19
#1.3.2 Function Test
# Thu, 06 Dec 2018 21:30:19
print add_tip(20,0.15)
# Thu, 06 Dec 2018 21:30:19
print add_tip(30,0.15)
# Thu, 06 Dec 2018 21:30:19
print hyp(3,4)
# Thu, 06 Dec 2018 21:30:19
print mean(3,4,7)
# Thu, 06 Dec 2018 21:30:26
print perimeter(3,4)
# Thu, 06 Dec 2018 21:32:26
"""Conclusion question:


Help"""
#[Out]# 'Conclusion question:\n\n\nHelp'
# Thu, 06 Dec 2018 21:35:16
""" Conclusion Question #1: In python, I would like to have the images of a triangle come when it a hypothenus question comes. This would be nice and would help a lot of people answer the question. I would like to have an automated tipper. I will continue later""" 
#[Out]# ' Conclusion Question #1: In python, I would like to have the images of a triangle come when it a hypothenus question comes. This would be nice and would help a lot of people answer the question. I would like to have an automated tipper. I will continue later'
# Thu, 06 Dec 2018 21:35:25
%logstop
