# IPython log file

%log start -ort 1.3.3/logs/Vadali.1.3.3.1.log
# Mon, 10 Dec 2018 20:52:15
a ** 2 >= 9 and not a>3
# Mon, 10 Dec 2018 20:52:45
a == 3
# Mon, 10 Dec 2018 20:52:51
a = 3
# Mon, 10 Dec 2018 20:53:09
a **2 >= and not a > 3
# Mon, 10 Dec 2018 20:53:43
a**2 >= 9 and not a>3
#[Out]# True
# Mon, 10 Dec 2018 20:55:44
# a+2 == 5 or a-1 != 3 
# Mon, 10 Dec 2018 20:55:47
a+2 == 5 or a-1 != 3 
#[Out]# True
# Mon, 10 Dec 2018 21:00:49
cd 1.3.3
# Mon, 10 Dec 2018 21:02:03
x, y (65,40)
# Mon, 10 Dec 2018 21:02:14
x,y(65,40)
# Mon, 10 Dec 2018 21:02:53
x,y = (65,40)
# Mon, 10 Dec 2018 21:03:02
50 < x and 50 < y and 64 < x
#[Out]# False
# Mon, 10 Dec 2018 21:09:47
x,y = (90,115)
# Mon, 10 Dec 2018 21:09:51
50 < x and 50 < y and 64 < x
#[Out]# True
# Mon, 10 Dec 2018 21:15:27
%run Vadali_1.3.3.py
# Mon, 10 Dec 2018 21:15:43
age_limit_output(10)
# Mon, 10 Dec 2018 21:15:51
pwd
#[Out]# u'/home/ubuntu/workspace/1.3.3'
# Mon, 10 Dec 2018 21:15:55
cd ..
# Mon, 10 Dec 2018 21:16:12
%run 1.3.3/Vadali_1.3.3.py
# Mon, 10 Dec 2018 21:16:30
age_limit_output(10)
# Mon, 10 Dec 2018 21:16:50
%run 1.3.3/Vadali_1.3.3.py
# Mon, 10 Dec 2018 21:18:26
cd 1.3.3
# Mon, 10 Dec 2018 21:18:36
%run Vadali_1.3.3
# Mon, 10 Dec 2018 21:19:17
%run Vadali_1.3.3
# Mon, 10 Dec 2018 21:19:50
%run Vadali_1.3.3
# Mon, 10 Dec 2018 21:20:09
%run Vadali_1.3.3
# Mon, 10 Dec 2018 21:20:16
%run Vadali_1.3.3
# Mon, 10 Dec 2018 21:20:25
%run Vadali_1.3.3
# Mon, 10 Dec 2018 21:20:31
%run Vadali_1.3.3
# Mon, 10 Dec 2018 21:21:00
%run Vadali_1.3.3
# Mon, 10 Dec 2018 21:21:19
age_limit_output(10)
# Mon, 10 Dec 2018 21:23:40
age_limit_output(16)
# Mon, 10 Dec 2018 21:33:33
report_grade(79)
# Mon, 10 Dec 2018 21:33:54
%run Vadali_1.3.3.py
# Mon, 10 Dec 2018 21:34:06
report_garde(79)
# Mon, 10 Dec 2018 21:34:16
report_grade(79)
# Mon, 10 Dec 2018 21:34:40
report_grade(79)
# Mon, 10 Dec 2018 21:34:57
report_grade(79)
# Mon, 10 Dec 2018 21:35:23
%run Vadali_1.3.3.py
# Mon, 10 Dec 2018 21:35:27
report_grade(79)
# Tue, 11 Dec 2018 20:47:54
%run Vadali_1.3.3.py
# Tue, 11 Dec 2018 20:47:57
report_grade(79)
# Tue, 11 Dec 2018 20:48:15
%run Vadali_1.3.3.py
# Tue, 11 Dec 2018 20:48:28
report_grade(85)
# Tue, 11 Dec 2018 20:51:53
%logstart -ort 1.3.3/logs/Vadali.1.3.3.2.log
# Tue, 11 Dec 2018 20:52:02
%logstop
