# IPython log file

%log start -ort 1.3.3/logs/Vadali.1.3.3.1.log
%logstart -ort 1.3.3/logs/Vadali.1.3.3.1.log
a ** 2 >= 9 and not a>3
a == 3
a = 3
a **2 >= and not a > 3
a**2 >= 9 and not a>3
#[Out]# True
# a+2 == 5 or a-1 != 3
a+2 == 5 or a-1 != 3
#[Out]# True
cd 1.3.3
x, y (65,40)
x,y(65,40)
x,y = (65,40)
50 < x and 50 < y and 64 < x
#[Out]# False
x,y = (90,115)
50 < x and 50 < y and 64 < x
#[Out]# True
%run Vadali_1.3.3.py
age_limit_output(10)
pwd
#[Out]# u'/home/ubuntu/workspace/1.3.3'
cd ..
%run 1.3.3/Vadali_1.3.3.py
age_limit_output(10)
%run 1.3.3/Vadali_1.3.3.py
cd 1.3.3
%run Vadali_1.3.3
%run Vadali_1.3.3
%run Vadali_1.3.3
%run Vadali_1.3.3
%run Vadali_1.3.3
%run Vadali_1.3.3
%run Vadali_1.3.3
%run Vadali_1.3.3
age_limit_output(10)
age_limit_output(16)
report_grade(79)
%run Vadali_1.3.3.py
report_garde(79)
report_grade(79)
report_grade(79)
report_grade(79)
%run Vadali_1.3.3.py
report_grade(79)
%run Vadali_1.3.3.py
report_grade(79)
%run Vadali_1.3.3.py
report_grade(85)
%logstart -ort 1.3.3/logs/Vadali.1.3.3.2.log
%logstop
%logstart -ort 1.3.3/logs/Vadali.1.3.3.2.log
pwd
#[Out]# u'/home/ubuntu/workspace/1.3.3'
cd ..
# Tue, 11 Dec 2018 20:54:32
3 in [1,2,3]
#[Out]# True
# Tue, 11 Dec 2018 20:54:43
'3' in [1,2,3]
#[Out]# False
# Tue, 11 Dec 2018 20:56:28
letter_in_word('t', 'secret hangman phrase')
# Tue, 11 Dec 2018 21:00:14
%run 1.3.3/Vadali_1.3.3.py
# Tue, 11 Dec 2018 21:00:18
letter_in_word('t', 'secret hangman phrase')
#[Out]# 'True'
# Tue, 11 Dec 2018 21:04:13
%run 1.3.3/Vadali_1.3.3.py
# Tue, 11 Dec 2018 21:04:20
%run 1.3.3/Vadali_1.3.3.py
# Tue, 11 Dec 2018 21:04:30
secret = ['red','red','yellow','yellow','black']
# Tue, 11 Dec 2018 21:04:37
hint('red', secret)
#[Out]# 'The color red IS in the secret sequence of colors'
# Tue, 11 Dec 2018 21:04:46
hint('green', secret)
#[Out]# 'The color green IS NOT in the secret sequence of colors'
# Tue, 11 Dec 2018 21:06:56
pwd
#[Out]# u'/home/ubuntu/workspace'
# Tue, 11 Dec 2018 21:27:23
%run 1.3.3/Vadali_1.3.3.py
# Tue, 11 Dec 2018 21:27:56
%run 1.3.3/Vadali_1.3.3.py
# Tue, 11 Dec 2018 21:28:11
%run 1.3.3/Vadali_1.3.3.py
# Tue, 11 Dec 2018 21:29:36
%run 1.3.3/Vadali_1.3.3.py
# Tue, 11 Dec 2018 21:31:51
%logstop
