# IPython log file

%run 1.3.5/Vadali_1.3.5.py
some_values = ('a', 'b', 3)
some_values[0:2]
#[Out]# ('a', 'b')
a = 10
b = (9, a, 11)
b[1]
#[Out]# 10
values = ['a', 'b', 3]
values[1:]
#[Out]# ['b', 3]
value
values
#[Out]# ['a', 'b', 3]
values = values + [4, 5]
values
#[Out]# ['a', 'b', 3, 4, 5, [6, 7]]
values.append([6, 7])
values
#[Out]# ['a', 'b', 3, 4, 5, [6, 7]]
values = values + 5
a - 6
#[Out]# 4
a = 6
a
#[Out]# 6
a *= 3
a
#[Out]# 18
%run 1.3.6/Vadali_1.3.6.py
%run 1.3.6/Vadali_1.3.6.py
cd 1.3.6
%run Vadali_1.3.6.py
%logstart -ort 1.3.6/logs/Vadali.1.3.6.1.log
cd ..
# Tue, 08 Jan 2019 21:35:11
%run Vadali_1.3.6.py
# Tue, 08 Jan 2019 21:35:19
cd 1.3.6
# Tue, 08 Jan 2019 21:35:21
%run Vadali_1.3.6.py
# Tue, 08 Jan 2019 21:35:30
roll_two_dice()
#[Out]# 9
# Tue, 08 Jan 2019 21:35:38
%logstop
