# IPython log file

%run 1.3.5/Vadali_1.3.5.py
some_values = ('a', 'b', 3)
some_values[0:2]
#[Out]# ('a', 'b')
a = 10
b = (9, a, 11)
b[1]
#[Out]# 10
values = ['a', 'b', 3]
values[1:]
#[Out]# ['b', 3]
value
values
#[Out]# ['a', 'b', 3]
values = values + [4, 5]
values
#[Out]# ['a', 'b', 3, 4, 5, [6, 7]]
values.append([6, 7])
values
#[Out]# ['a', 'b', 3, 4, 5, [6, 7]]
values = values + 5
a - 6
#[Out]# 4
a = 6
a
#[Out]# 6
a *= 3
a
#[Out]# 18
%run 1.3.6/Vadali_1.3.6.py
%run 1.3.6/Vadali_1.3.6.py
cd 1.3.6
%run Vadali_1.3.6.py
%logstart -ort 1.3.6/logs/Vadali.1.3.6.1.log
cd ..
%logstart -ort 1.3.6/logs/Vadali.1.3.6.1.log
%run Vadali_1.3.6.py
cd 1.3.6
%run Vadali_1.3.6.py
roll_two_dice()
#[Out]# 9
%logstop
%run Vadali_1.3.6.py
roll_two_dice()
#[Out]# 2
roll_two_dice()
#[Out]# 11
roll_two_dice()
#[Out]# 2
roll_two_dice()
#[Out]# 7
roll_two_dice()
#[Out]# 5
roll_two_dice()
#[Out]# 3
roll_two_dice()
#[Out]# 11
roll_two_dice()
#[Out]# 7
roll_two_dice()
#[Out]# 6
roll_two_dice()
#[Out]# 2
roll_two_dice()
#[Out]# 3
roll_two_dice()
#[Out]# 9
roll_two_dice()
#[Out]# 7
roll_two_dice()
#[Out]# 10
roll_two_dice()
#[Out]# 2
roll_two_dice()
#[Out]# 8
roll_two_dice()
#[Out]# 7
roll_two_dice()
#[Out]# 3
%log start -ort 1.3.6/logs/Vadali.1.3.6.2.log
%logstart -ort 1.3.6/logs/Vadali.1.3.6.2.log
pwd
#[Out]# u'/home/ubuntu/workspace/1.3.6'
cd ..
# Wed, 09 Jan 2019 04:28:34
a = 'abcde'
# Wed, 09 Jan 2019 04:28:48
b = ('a', 'b', 'c', 'd', 'e')
# Wed, 09 Jan 2019 04:29:00
c = ['a', 'b', 'c', 'd', 'e']
# Wed, 09 Jan 2019 04:29:13
 a[3]
#[Out]# 'd'
# Wed, 09 Jan 2019 04:29:34
 b[3
]
#[Out]# 'd'
# Wed, 09 Jan 2019 04:29:47
c[3]
#[Out]# 'd'
# Wed, 09 Jan 2019 05:26:45
%run 1.3.6/Vadali_1.3.6.py
# Wed, 09 Jan 2019 05:26:49
%run 1.3.6/Vadali_1.3.6.py
# Wed, 09 Jan 2019 05:26:50
%run 1.3.6/Vadali_1.3.6.py
# Wed, 09 Jan 2019 05:26:51
%run 1.3.6/Vadali_1.3.6.py
# Wed, 09 Jan 2019 05:26:52
%run 1.3.6/Vadali_1.3.6.py
# Wed, 09 Jan 2019 05:26:53
%run 1.3.6/Vadali_1.3.6.py
# Wed, 09 Jan 2019 05:26:54
%run 1.3.6/Vadali_1.3.6.py
# Wed, 09 Jan 2019 05:26:54
%run 1.3.6/Vadali_1.3.6.py
# Wed, 09 Jan 2019 05:26:55
%run 1.3.6/Vadali_1.3.6.py
# Wed, 09 Jan 2019 05:29:14
%logstop
