# IPython log file

# Thu, 13 Dec 2018 20:49:57
%run 1.3.4/Vadali_1.3.4.py
# Thu, 13 Dec 2018 20:50:31
%run 1.3.4/Vadali_1.3.4.py
# Thu, 13 Dec 2018 20:51:19
food_id('apple')
#[Out]# 'NOT Citrus, Fruit'
# Thu, 13 Dec 2018 21:00:58
%run 1.3.4/Vadali_1.3.4.py
# Thu, 13 Dec 2018 21:01:07
food_id_test()
#[Out]# True
# Thu, 13 Dec 2018 21:08:25
%run 1.3.4/Vadali_1.3.4.py
# Thu, 13 Dec 2018 21:08:31
f(4)
# Thu, 13 Dec 2018 21:08:37
f(12)
# Thu, 13 Dec 2018 21:08:51
f(12345678)
# Thu, 13 Dec 2018 21:09:30
f(0)
# Thu, 13 Dec 2018 21:09:47
f(12345678998)
# Thu, 13 Dec 2018 21:10:14
f(10.0)
# Thu, 13 Dec 2018 21:11:02
f
#[Out]# <function __main__.f>
# Thu, 13 Dec 2018 21:11:09
f(10.1)
# Thu, 13 Dec 2018 21:11:43
%run 1.3.4/Vadali_1.3.4.py
# Thu, 13 Dec 2018 21:11:48
f(10.0)
# Thu, 13 Dec 2018 21:17:08
%run 1.3.4/Vadali_1.3.4.py
# Thu, 13 Dec 2018 21:17:18
f_test()
# Thu, 13 Dec 2018 21:17:25
f_test(45678976545678964)
# Thu, 13 Dec 2018 21:22:11
What_is_Connor
# Thu, 13 Dec 2018 21:23:52
%run 1.3.3/Vadali_1.3.3.py
# Thu, 13 Dec 2018 21:28:29
%run 1.3.4/Vadali_1.3.4.py
# Thu, 13 Dec 2018 21:29:13
f_test(3
)
# Thu, 13 Dec 2018 21:29:19
f_test(3)
# Thu, 13 Dec 2018 21:29:28
f_test()
#[Out]# False
# Fri, 14 Dec 2018 20:49:49
f_test(3)
# Fri, 14 Dec 2018 20:50:25
%run 1.3.4/Vadali_1.3.4.py
# Fri, 14 Dec 2018 20:50:33
f_test()
#[Out]# False
# Fri, 14 Dec 2018 20:52:25
%run 1.3.4/Vadali_1.3.4.py
# Fri, 14 Dec 2018 20:52:32
f_test()
#[Out]# True
# Fri, 14 Dec 2018 20:53:43
a = raw_input('Give me a number between 5 and 6: ')
# Fri, 14 Dec 2018 20:54:20
a
#[Out]# '5.5'
# Fri, 14 Dec 2018 20:54:31
type(a)
#[Out]# str
# Fri, 14 Dec 2018 20:57:20
Connor = an_idiot
# Fri, 14 Dec 2018 20:57:32
Connor = 'an idiot'
# Fri, 14 Dec 2018 20:57:37
Connor
#[Out]# 'an idiot'
# Fri, 14 Dec 2018 21:27:10
f_test()
#[Out]# True
# Fri, 14 Dec 2018 21:30:02
init(a)
# Fri, 14 Dec 2018 21:30:08
int(a)
# Fri, 14 Dec 2018 21:30:28
float(a)
#[Out]# 5.5
# Fri, 14 Dec 2018 21:30:36
b= 6
# Fri, 14 Dec 2018 21:30:41
a + b
# Fri, 14 Dec 2018 21:31:14
a + str((b


)

()
))
# Fri, 14 Dec 2018 21:31:23
a + str(b)
#[Out]# '5.56'
# Fri, 14 Dec 2018 21:31:36
float(a) + b
#[Out]# 11.5
# Fri, 14 Dec 2018 21:32:21
f(56789876567876545678865456784567654567396425943549254052048260420843260480325084357103305753203857046830653217539032573453211311153135153138181841537845856952658269565)
# Fri, 14 Dec 2018 21:32:59
type(56789876567876545678865456784567654567396425943549254052048260420843260480325084357103305753203857046830653217539032573453211311153135153138181841537845856952658269565)
#[Out]# long
# Fri, 14 Dec 2018 21:33:22
f(65456751561811651681518615186)
# Fri, 14 Dec 2018 21:33:31
f(4813)
#[Out]# 'odd'
